0 info it worked if it ends with ok
1 verbose cli [ '/usr/local/Cellar/node/5.11.0/bin/node',
1 verbose cli   '/usr/local/bin/npm',
1 verbose cli   'i',
1 verbose cli   '-D',
1 verbose cli   'jade' ]
2 info using npm@3.8.6
3 info using node@v5.11.0
4 silly loadCurrentTree Starting
5 silly install loadCurrentTree
6 silly install readLocalPackageData
7 silly rollbackFailedOptional Starting
8 silly rollbackFailedOptional Finishing
9 silly runTopLevelLifecycles Starting
10 silly runTopLevelLifecycles Finishing
11 silly install printInstalled
12 verbose stack Error: ENOENT: no such file or directory, stat '/Users/keita/workspace/ok-blocks-demos/node_modules/@all-user/ok-patterns-olympic2020'
12 verbose stack     at Error (native)
13 verbose cwd /Users/keita/workspace/ok-blocks-demos
14 error Darwin 15.4.0
15 error argv "/usr/local/Cellar/node/5.11.0/bin/node" "/usr/local/bin/npm" "i" "-D" "jade"
16 error node v5.11.0
17 error npm  v3.8.6
18 error path /Users/keita/workspace/ok-blocks-demos/node_modules/@all-user/ok-patterns-olympic2020
19 error code ENOENT
20 error errno -2
21 error syscall stat
22 error enoent ENOENT: no such file or directory, stat '/Users/keita/workspace/ok-blocks-demos/node_modules/@all-user/ok-patterns-olympic2020'
23 error enoent ENOENT: no such file or directory, stat '/Users/keita/workspace/ok-blocks-demos/node_modules/@all-user/ok-patterns-olympic2020'
23 error enoent This is most likely not a problem with npm itself
23 error enoent and is related to npm not being able to find a file.
24 verbose exit [ -2, true ]
